The target system is: Android - 14 - armv7-a
The host system is: Darwin - 17.7.0 - x86_64
Compiling the C compiler identification source file "CMakeCCompilerId.c" succeeded.
Compiler: /Users/apple/apps/android-ndk-r16b/toolchains/llvm/prebuilt/darwin-x86_64/bin/clang 
Build flags: 
Id flags:  

The output was:
0


Compilation of the C compiler identification source "CMakeCCompilerId.c" produced "a.out"

The C compiler identification is Clang, found in "/Users/apple/code/android_code/media_xxx/app/src/main/cpp/build/CMakeFiles/3.10.2/CompilerIdC/a.out"

Compiling the CXX compiler identification source file "CMakeCXXCompilerId.cpp" succeeded.
Compiler: /Users/apple/apps/android-ndk-r16b/toolchains/llvm/prebuilt/darwin-x86_64/bin/clang++ 
Build flags: 
Id flags:  

The output was:
0


Compilation of the CXX compiler identification source "CMakeCXXCompilerId.cpp" produced "a.out"

The CXX compiler identification is Clang, found in "/Users/apple/code/android_code/media_xxx/app/src/main/cpp/build/CMakeFiles/3.10.2/CompilerIdCXX/a.out"

Determining if the C compiler works passed with the following output:
Change Dir: /Users/apple/code/android_code/media_xxx/app/src/main/cpp/build/CMakeFiles/CMakeTmp

Run Build Command:"/usr/bin/make" "cmTC_8ab70/fast"
/Applications/Xcode.app/Contents/Developer/usr/bin/make -f CMakeFiles/cmTC_8ab70.dir/build.make CMakeFiles/cmTC_8ab70.dir/build
Building C object CMakeFiles/cmTC_8ab70.dir/testCCompiler.c.o
/Users/apple/apps/android-ndk-r16b/toolchains/llvm/prebuilt/darwin-x86_64/bin/clang --target=armv7-none-linux-androideabi --gcc-toolchain=/Users/apple/apps/android-ndk-r16b/toolchains/arm-linux-androideabi-4.9/prebuilt/darwin-x86_64 --sysroot=/Users/apple/apps/android-ndk-r16b/sysroot  -isystem /Users/apple/apps/android-ndk-r16b/sysroot/usr/include -isystem /Users/apple/apps/android-ndk-r16b/sysroot/usr/include/arm-linux-androideabi  -march=armv7-a -mthumb -mfpu=vfpv3-d16 -mfloat-abi=softfp -funwind-tables -no-canonical-prefixes -D__ANDROID_API__=14 -fexceptions  -g   -o CMakeFiles/cmTC_8ab70.dir/testCCompiler.c.o   -c /Users/apple/code/android_code/media_xxx/app/src/main/cpp/build/CMakeFiles/CMakeTmp/testCCompiler.c
Linking C executable cmTC_8ab70
/Users/apple/Library/Android/sdk/cmake/3.10.2.4988404/bin/cmake -E cmake_link_script CMakeFiles/cmTC_8ab70.dir/link.txt --verbose=1
/Users/apple/apps/android-ndk-r16b/toolchains/llvm/prebuilt/darwin-x86_64/bin/clang --target=armv7-none-linux-androideabi --gcc-toolchain=/Users/apple/apps/android-ndk-r16b/toolchains/arm-linux-androideabi-4.9/prebuilt/darwin-x86_64 --sysroot=/Users/apple/apps/android-ndk-r16b/platforms/android-14/arch-arm -march=armv7-a -mthumb -mfpu=vfpv3-d16 -mfloat-abi=softfp -funwind-tables -no-canonical-prefixes -D__ANDROID_API__=14 -fexceptions  -g  -Wl,--fix-cortex-a8  -Wl,--gc-sections -Wl,-z,nocopyreloc -L/usr/local/opt/openssl/lib  CMakeFiles/cmTC_8ab70.dir/testCCompiler.c.o  -o cmTC_8ab70 


Detecting C compiler ABI info compiled with the following output:
Change Dir: /Users/apple/code/android_code/media_xxx/app/src/main/cpp/build/CMakeFiles/CMakeTmp

Run Build Command:"/usr/bin/make" "cmTC_8e98d/fast"
/Applications/Xcode.app/Contents/Developer/usr/bin/make -f CMakeFiles/cmTC_8e98d.dir/build.make CMakeFiles/cmTC_8e98d.dir/build
Building C object CMakeFiles/cmTC_8e98d.dir/CMakeCCompilerABI.c.o
/Users/apple/apps/android-ndk-r16b/toolchains/llvm/prebuilt/darwin-x86_64/bin/clang --target=armv7-none-linux-androideabi --gcc-toolchain=/Users/apple/apps/android-ndk-r16b/toolchains/arm-linux-androideabi-4.9/prebuilt/darwin-x86_64 --sysroot=/Users/apple/apps/android-ndk-r16b/sysroot  -isystem /Users/apple/apps/android-ndk-r16b/sysroot/usr/include -isystem /Users/apple/apps/android-ndk-r16b/sysroot/usr/include/arm-linux-androideabi  -march=armv7-a -mthumb -mfpu=vfpv3-d16 -mfloat-abi=softfp -funwind-tables -no-canonical-prefixes -D__ANDROID_API__=14 -fexceptions  -g   -o CMakeFiles/cmTC_8e98d.dir/CMakeCCompilerABI.c.o   -c /Users/apple/Library/Android/sdk/cmake/3.10.2.4988404/share/cmake-3.10/Modules/CMakeCCompilerABI.c
Linking C executable cmTC_8e98d
/Users/apple/Library/Android/sdk/cmake/3.10.2.4988404/bin/cmake -E cmake_link_script CMakeFiles/cmTC_8e98d.dir/link.txt --verbose=1
/Users/apple/apps/android-ndk-r16b/toolchains/llvm/prebuilt/darwin-x86_64/bin/clang --target=armv7-none-linux-androideabi --gcc-toolchain=/Users/apple/apps/android-ndk-r16b/toolchains/arm-linux-androideabi-4.9/prebuilt/darwin-x86_64 --sysroot=/Users/apple/apps/android-ndk-r16b/platforms/android-14/arch-arm -march=armv7-a -mthumb -mfpu=vfpv3-d16 -mfloat-abi=softfp -funwind-tables -no-canonical-prefixes -D__ANDROID_API__=14 -fexceptions  -g  -Wl,--fix-cortex-a8  -Wl,--gc-sections -Wl,-z,nocopyreloc -L/usr/local/opt/openssl/lib -v CMakeFiles/cmTC_8e98d.dir/CMakeCCompilerABI.c.o  -o cmTC_8e98d 
Android clang version 5.0.300080  (based on LLVM 5.0.300080)
Target: armv7-none-linux-android
Thread model: posix
InstalledDir: /Users/apple/apps/android-ndk-r16b/toolchains/llvm/prebuilt/darwin-x86_64/bin
Found candidate GCC installation: /Users/apple/apps/android-ndk-r16b/toolchains/arm-linux-androideabi-4.9/prebuilt/darwin-x86_64/lib/gcc/arm-linux-androideabi/4.9.x
Selected GCC installation: /Users/apple/apps/android-ndk-r16b/toolchains/arm-linux-androideabi-4.9/prebuilt/darwin-x86_64/lib/gcc/arm-linux-androideabi/4.9.x
Candidate multilib: thumb;@thumb
Candidate multilib: armv7-a;@armv7
Candidate multilib: armv7-a/thumb;@armv7@thumb
Candidate multilib: .;
Selected multilib: armv7-a/thumb;@armv7@thumb
 "/Users/apple/apps/android-ndk-r16b/toolchains/arm-linux-androideabi-4.9/prebuilt/darwin-x86_64/lib/gcc/arm-linux-androideabi/4.9.x/../../../../arm-linux-androideabi/bin/ld" --sysroot=/Users/apple/apps/android-ndk-r16b/platforms/android-14/arch-arm -X --eh-frame-hdr -m armelf_linux_eabi -dynamic-linker /system/bin/linker -o cmTC_8e98d /Users/apple/apps/android-ndk-r16b/platforms/android-14/arch-arm/usr/lib/../lib/crtbegin_dynamic.o -L/usr/local/opt/openssl/lib -L/Users/apple/apps/android-ndk-r16b/toolchains/llvm/prebuilt/darwin-x86_64/lib64/clang/5.0.300080/lib/linux/arm -L/Users/apple/apps/android-ndk-r16b/toolchains/arm-linux-androideabi-4.9/prebuilt/darwin-x86_64/lib/gcc/arm-linux-androideabi/4.9.x/armv7-a/thumb -L/Users/apple/apps/android-ndk-r16b/toolchains/arm-linux-androideabi-4.9/prebuilt/darwin-x86_64/lib/gcc/arm-linux-androideabi/4.9.x/../../../../arm-linux-androideabi/lib/../lib/armv7-a/thumb -L/Users/apple/apps/android-ndk-r16b/platforms/android-14/arch-arm/usr/lib/../lib -L/Users/apple/apps/android-ndk-r16b/toolchains/arm-linux-androideabi-4.9/prebuilt/darwin-x86_64/lib/gcc/arm-linux-androideabi/4.9.x/../../../../arm-linux-androideabi/lib/armv7-a/thumb -L/Users/apple/apps/android-ndk-r16b/platforms/android-14/arch-arm/usr/lib --fix-cortex-a8 --gc-sections -z nocopyreloc CMakeFiles/cmTC_8e98d.dir/CMakeCCompilerABI.c.o -lgcc -ldl -lc -lgcc -ldl /Users/apple/apps/android-ndk-r16b/platforms/android-14/arch-arm/usr/lib/../lib/crtend_android.o


Parsed C implicit link information from above output:
  link line regex: [^( *|.*[/\])(arm-linux-androideabi-ld|CMAKE_LINK_STARTFILE-NOTFOUND|([^/\]+-)?ld|collect2)[^/\]*( |$)]
  ignore line: [Change Dir: /Users/apple/code/android_code/media_xxx/app/src/main/cpp/build/CMakeFiles/CMakeTmp]
  ignore line: []
  ignore line: [Run Build Command:"/usr/bin/make" "cmTC_8e98d/fast"]
  ignore line: [/Applications/Xcode.app/Contents/Developer/usr/bin/make -f CMakeFiles/cmTC_8e98d.dir/build.make CMakeFiles/cmTC_8e98d.dir/build]
  ignore line: [Building C object CMakeFiles/cmTC_8e98d.dir/CMakeCCompilerABI.c.o]
  ignore line: [/Users/apple/apps/android-ndk-r16b/toolchains/llvm/prebuilt/darwin-x86_64/bin/clang --target=armv7-none-linux-androideabi --gcc-toolchain=/Users/apple/apps/android-ndk-r16b/toolchains/arm-linux-androideabi-4.9/prebuilt/darwin-x86_64 --sysroot=/Users/apple/apps/android-ndk-r16b/sysroot  -isystem /Users/apple/apps/android-ndk-r16b/sysroot/usr/include -isystem /Users/apple/apps/android-ndk-r16b/sysroot/usr/include/arm-linux-androideabi  -march=armv7-a -mthumb -mfpu=vfpv3-d16 -mfloat-abi=softfp -funwind-tables -no-canonical-prefixes -D__ANDROID_API__=14 -fexceptions  -g   -o CMakeFiles/cmTC_8e98d.dir/CMakeCCompilerABI.c.o   -c /Users/apple/Library/Android/sdk/cmake/3.10.2.4988404/share/cmake-3.10/Modules/CMakeCCompilerABI.c]
  ignore line: [Linking C executable cmTC_8e98d]
  ignore line: [/Users/apple/Library/Android/sdk/cmake/3.10.2.4988404/bin/cmake -E cmake_link_script CMakeFiles/cmTC_8e98d.dir/link.txt --verbose=1]
  ignore line: [/Users/apple/apps/android-ndk-r16b/toolchains/llvm/prebuilt/darwin-x86_64/bin/clang --target=armv7-none-linux-androideabi --gcc-toolchain=/Users/apple/apps/android-ndk-r16b/toolchains/arm-linux-androideabi-4.9/prebuilt/darwin-x86_64 --sysroot=/Users/apple/apps/android-ndk-r16b/platforms/android-14/arch-arm -march=armv7-a -mthumb -mfpu=vfpv3-d16 -mfloat-abi=softfp -funwind-tables -no-canonical-prefixes -D__ANDROID_API__=14 -fexceptions  -g  -Wl,--fix-cortex-a8  -Wl,--gc-sections -Wl,-z,nocopyreloc -L/usr/local/opt/openssl/lib -v CMakeFiles/cmTC_8e98d.dir/CMakeCCompilerABI.c.o  -o cmTC_8e98d ]
  ignore line: [Android clang version 5.0.300080  (based on LLVM 5.0.300080)]
  ignore line: [Target: armv7-none-linux-android]
  ignore line: [Thread model: posix]
  ignore line: [InstalledDir: /Users/apple/apps/android-ndk-r16b/toolchains/llvm/prebuilt/darwin-x86_64/bin]
  ignore line: [Found candidate GCC installation: /Users/apple/apps/android-ndk-r16b/toolchains/arm-linux-androideabi-4.9/prebuilt/darwin-x86_64/lib/gcc/arm-linux-androideabi/4.9.x]
  ignore line: [Selected GCC installation: /Users/apple/apps/android-ndk-r16b/toolchains/arm-linux-androideabi-4.9/prebuilt/darwin-x86_64/lib/gcc/arm-linux-androideabi/4.9.x]
  ignore line: [Candidate multilib: thumb]
  ignore line: [@thumb]
  ignore line: [Candidate multilib: armv7-a]
  ignore line: [@armv7]
  ignore line: [Candidate multilib: armv7-a/thumb]
  ignore line: [@armv7@thumb]
  ignore line: [Candidate multilib: .]
  ignore line: []
  ignore line: [Selected multilib: armv7-a/thumb]
  ignore line: [@armv7@thumb]
  link line: [ "/Users/apple/apps/android-ndk-r16b/toolchains/arm-linux-androideabi-4.9/prebuilt/darwin-x86_64/lib/gcc/arm-linux-androideabi/4.9.x/../../../../arm-linux-androideabi/bin/ld" --sysroot=/Users/apple/apps/android-ndk-r16b/platforms/android-14/arch-arm -X --eh-frame-hdr -m armelf_linux_eabi -dynamic-linker /system/bin/linker -o cmTC_8e98d /Users/apple/apps/android-ndk-r16b/platforms/android-14/arch-arm/usr/lib/../lib/crtbegin_dynamic.o -L/usr/local/opt/openssl/lib -L/Users/apple/apps/android-ndk-r16b/toolchains/llvm/prebuilt/darwin-x86_64/lib64/clang/5.0.300080/lib/linux/arm -L/Users/apple/apps/android-ndk-r16b/toolchains/arm-linux-androideabi-4.9/prebuilt/darwin-x86_64/lib/gcc/arm-linux-androideabi/4.9.x/armv7-a/thumb -L/Users/apple/apps/android-ndk-r16b/toolchains/arm-linux-androideabi-4.9/prebuilt/darwin-x86_64/lib/gcc/arm-linux-androideabi/4.9.x/../../../../arm-linux-androideabi/lib/../lib/armv7-a/thumb -L/Users/apple/apps/android-ndk-r16b/platforms/android-14/arch-arm/usr/lib/../lib -L/Users/apple/apps/android-ndk-r16b/toolchains/arm-linux-androideabi-4.9/prebuilt/darwin-x86_64/lib/gcc/arm-linux-androideabi/4.9.x/../../../../arm-linux-androideabi/lib/armv7-a/thumb -L/Users/apple/apps/android-ndk-r16b/platforms/android-14/arch-arm/usr/lib --fix-cortex-a8 --gc-sections -z nocopyreloc CMakeFiles/cmTC_8e98d.dir/CMakeCCompilerABI.c.o -lgcc -ldl -lc -lgcc -ldl /Users/apple/apps/android-ndk-r16b/platforms/android-14/arch-arm/usr/lib/../lib/crtend_android.o]
    arg [/Users/apple/apps/android-ndk-r16b/toolchains/arm-linux-androideabi-4.9/prebuilt/darwin-x86_64/lib/gcc/arm-linux-androideabi/4.9.x/../../../../arm-linux-androideabi/bin/ld] ==> ignore
    arg [--sysroot=/Users/apple/apps/android-ndk-r16b/platforms/android-14/arch-arm] ==> ignore
    arg [-X] ==> ignore
    arg [--eh-frame-hdr] ==> ignore
    arg [-m] ==> ignore
    arg [armelf_linux_eabi] ==> ignore
    arg [-dynamic-linker] ==> ignore
    arg [/system/bin/linker] ==> ignore
    arg [-o] ==> ignore
    arg [cmTC_8e98d] ==> ignore
    arg [/Users/apple/apps/android-ndk-r16b/platforms/android-14/arch-arm/usr/lib/../lib/crtbegin_dynamic.o] ==> ignore
    arg [-L/usr/local/opt/openssl/lib] ==> dir [/usr/local/opt/openssl/lib]
    arg [-L/Users/apple/apps/android-ndk-r16b/toolchains/llvm/prebuilt/darwin-x86_64/lib64/clang/5.0.300080/lib/linux/arm] ==> dir [/Users/apple/apps/android-ndk-r16b/toolchains/llvm/prebuilt/darwin-x86_64/lib64/clang/5.0.300080/lib/linux/arm]
    arg [-L/Users/apple/apps/android-ndk-r16b/toolchains/arm-linux-androideabi-4.9/prebuilt/darwin-x86_64/lib/gcc/arm-linux-androideabi/4.9.x/armv7-a/thumb] ==> dir [/Users/apple/apps/android-ndk-r16b/toolchains/arm-linux-androideabi-4.9/prebuilt/darwin-x86_64/lib/gcc/arm-linux-androideabi/4.9.x/armv7-a/thumb]
    arg [-L/Users/apple/apps/android-ndk-r16b/toolchains/arm-linux-androideabi-4.9/prebuilt/darwin-x86_64/lib/gcc/arm-linux-androideabi/4.9.x/../../../../arm-linux-androideabi/lib/../lib/armv7-a/thumb] ==> dir [/Users/apple/apps/android-ndk-r16b/toolchains/arm-linux-androideabi-4.9/prebuilt/darwin-x86_64/lib/gcc/arm-linux-androideabi/4.9.x/../../../../arm-linux-androideabi/lib/../lib/armv7-a/thumb]
    arg [-L/Users/apple/apps/android-ndk-r16b/platforms/android-14/arch-arm/usr/lib/../lib] ==> dir [/Users/apple/apps/android-ndk-r16b/platforms/android-14/arch-arm/usr/lib/../lib]
    arg [-L/Users/apple/apps/android-ndk-r16b/toolchains/arm-linux-androideabi-4.9/prebuilt/darwin-x86_64/lib/gcc/arm-linux-androideabi/4.9.x/../../../../arm-linux-androideabi/lib/armv7-a/thumb] ==> dir [/Users/apple/apps/android-ndk-r16b/toolchains/arm-linux-androideabi-4.9/prebuilt/darwin-x86_64/lib/gcc/arm-linux-androideabi/4.9.x/../../../../arm-linux-androideabi/lib/armv7-a/thumb]
    arg [-L/Users/apple/apps/android-ndk-r16b/platforms/android-14/arch-arm/usr/lib] ==> dir [/Users/apple/apps/android-ndk-r16b/platforms/android-14/arch-arm/usr/lib]
    arg [--fix-cortex-a8] ==> ignore
    arg [--gc-sections] ==> ignore
    arg [-znocopyreloc] ==> ignore
    arg [CMakeFiles/cmTC_8e98d.dir/CMakeCCompilerABI.c.o] ==> ignore
    arg [-lgcc] ==> lib [gcc]
    arg [-ldl] ==> lib [dl]
    arg [-lc] ==> lib [c]
    arg [-lgcc] ==> lib [gcc]
    arg [-ldl] ==> lib [dl]
    arg [/Users/apple/apps/android-ndk-r16b/platforms/android-14/arch-arm/usr/lib/../lib/crtend_android.o] ==> ignore
  collapse library dir [/usr/local/opt/openssl/lib] ==> [/usr/local/opt/openssl/lib]
  collapse library dir [/Users/apple/apps/android-ndk-r16b/toolchains/llvm/prebuilt/darwin-x86_64/lib64/clang/5.0.300080/lib/linux/arm] ==> [/Users/apple/apps/android-ndk-r16b/toolchains/llvm/prebuilt/darwin-x86_64/lib64/clang/5.0.300080/lib/linux/arm]
  collapse library dir [/Users/apple/apps/android-ndk-r16b/toolchains/arm-linux-androideabi-4.9/prebuilt/darwin-x86_64/lib/gcc/arm-linux-androideabi/4.9.x/armv7-a/thumb] ==> [/Users/apple/apps/android-ndk-r16b/toolchains/arm-linux-androideabi-4.9/prebuilt/darwin-x86_64/lib/gcc/arm-linux-androideabi/4.9.x/armv7-a/thumb]
  collapse library dir [/Users/apple/apps/android-ndk-r16b/toolchains/arm-linux-androideabi-4.9/prebuilt/darwin-x86_64/lib/gcc/arm-linux-androideabi/4.9.x/../../../../arm-linux-androideabi/lib/../lib/armv7-a/thumb] ==> [/Users/apple/apps/android-ndk-r16b/toolchains/arm-linux-androideabi-4.9/prebuilt/darwin-x86_64/arm-linux-androideabi/lib/armv7-a/thumb]
  collapse library dir [/Users/apple/apps/android-ndk-r16b/platforms/android-14/arch-arm/usr/lib/../lib] ==> [/Users/apple/apps/android-ndk-r16b/platforms/android-14/arch-arm/usr/lib]
  collapse library dir [/Users/apple/apps/android-ndk-r16b/toolchains/arm-linux-androideabi-4.9/prebuilt/darwin-x86_64/lib/gcc/arm-linux-androideabi/4.9.x/../../../../arm-linux-androideabi/lib/armv7-a/thumb] ==> [/Users/apple/apps/android-ndk-r16b/toolchains/arm-linux-androideabi-4.9/prebuilt/darwin-x86_64/arm-linux-androideabi/lib/armv7-a/thumb]
  collapse library dir [/Users/apple/apps/android-ndk-r16b/platforms/android-14/arch-arm/usr/lib] ==> [/Users/apple/apps/android-ndk-r16b/platforms/android-14/arch-arm/usr/lib]
  implicit libs: [gcc;dl;c;gcc;dl]
  implicit dirs: [/usr/local/opt/openssl/lib;/Users/apple/apps/android-ndk-r16b/toolchains/llvm/prebuilt/darwin-x86_64/lib64/clang/5.0.300080/lib/linux/arm;/Users/apple/apps/android-ndk-r16b/toolchains/arm-linux-androideabi-4.9/prebuilt/darwin-x86_64/lib/gcc/arm-linux-androideabi/4.9.x/armv7-a/thumb;/Users/apple/apps/android-ndk-r16b/toolchains/arm-linux-androideabi-4.9/prebuilt/darwin-x86_64/arm-linux-androideabi/lib/armv7-a/thumb;/Users/apple/apps/android-ndk-r16b/platforms/android-14/arch-arm/usr/lib]
  implicit fwks: []




Detecting C [-std=c11] compiler features compiled with the following output:
Change Dir: /Users/apple/code/android_code/media_xxx/app/src/main/cpp/build/CMakeFiles/CMakeTmp

Run Build Command:"/usr/bin/make" "cmTC_c607c/fast"
/Applications/Xcode.app/Contents/Developer/usr/bin/make -f CMakeFiles/cmTC_c607c.dir/build.make CMakeFiles/cmTC_c607c.dir/build
Building C object CMakeFiles/cmTC_c607c.dir/feature_tests.c.o
/Users/apple/apps/android-ndk-r16b/toolchains/llvm/prebuilt/darwin-x86_64/bin/clang --target=armv7-none-linux-androideabi --gcc-toolchain=/Users/apple/apps/android-ndk-r16b/toolchains/arm-linux-androideabi-4.9/prebuilt/darwin-x86_64 --sysroot=/Users/apple/apps/android-ndk-r16b/sysroot  -isystem /Users/apple/apps/android-ndk-r16b/sysroot/usr/include -isystem /Users/apple/apps/android-ndk-r16b/sysroot/usr/include/arm-linux-androideabi  -march=armv7-a -mthumb -mfpu=vfpv3-d16 -mfloat-abi=softfp -funwind-tables -no-canonical-prefixes -D__ANDROID_API__=14 -fexceptions  -g   -std=c11 -o CMakeFiles/cmTC_c607c.dir/feature_tests.c.o   -c /Users/apple/code/android_code/media_xxx/app/src/main/cpp/build/CMakeFiles/feature_tests.c
Linking C executable cmTC_c607c
/Users/apple/Library/Android/sdk/cmake/3.10.2.4988404/bin/cmake -E cmake_link_script CMakeFiles/cmTC_c607c.dir/link.txt --verbose=1
/Users/apple/apps/android-ndk-r16b/toolchains/llvm/prebuilt/darwin-x86_64/bin/clang --target=armv7-none-linux-androideabi --gcc-toolchain=/Users/apple/apps/android-ndk-r16b/toolchains/arm-linux-androideabi-4.9/prebuilt/darwin-x86_64 --sysroot=/Users/apple/apps/android-ndk-r16b/platforms/android-14/arch-arm -march=armv7-a -mthumb -mfpu=vfpv3-d16 -mfloat-abi=softfp -funwind-tables -no-canonical-prefixes -D__ANDROID_API__=14 -fexceptions  -g  -Wl,--fix-cortex-a8  -Wl,--gc-sections -Wl,-z,nocopyreloc -L/usr/local/opt/openssl/lib  CMakeFiles/cmTC_c607c.dir/feature_tests.c.o  -o cmTC_c607c 


    Feature record: C_FEATURE:1c_function_prototypes
    Feature record: C_FEATURE:1c_restrict
    Feature record: C_FEATURE:1c_static_assert
    Feature record: C_FEATURE:1c_variadic_macros


Detecting C [-std=c99] compiler features compiled with the following output:
Change Dir: /Users/apple/code/android_code/media_xxx/app/src/main/cpp/build/CMakeFiles/CMakeTmp

Run Build Command:"/usr/bin/make" "cmTC_6710b/fast"
/Applications/Xcode.app/Contents/Developer/usr/bin/make -f CMakeFiles/cmTC_6710b.dir/build.make CMakeFiles/cmTC_6710b.dir/build
Building C object CMakeFiles/cmTC_6710b.dir/feature_tests.c.o
/Users/apple/apps/android-ndk-r16b/toolchains/llvm/prebuilt/darwin-x86_64/bin/clang --target=armv7-none-linux-androideabi --gcc-toolchain=/Users/apple/apps/android-ndk-r16b/toolchains/arm-linux-androideabi-4.9/prebuilt/darwin-x86_64 --sysroot=/Users/apple/apps/android-ndk-r16b/sysroot  -isystem /Users/apple/apps/android-ndk-r16b/sysroot/usr/include -isystem /Users/apple/apps/android-ndk-r16b/sysroot/usr/include/arm-linux-androideabi  -march=armv7-a -mthumb -mfpu=vfpv3-d16 -mfloat-abi=softfp -funwind-tables -no-canonical-prefixes -D__ANDROID_API__=14 -fexceptions  -g   -std=c99 -o CMakeFiles/cmTC_6710b.dir/feature_tests.c.o   -c /Users/apple/code/android_code/media_xxx/app/src/main/cpp/build/CMakeFiles/feature_tests.c
Linking C executable cmTC_6710b
/Users/apple/Library/Android/sdk/cmake/3.10.2.4988404/bin/cmake -E cmake_link_script CMakeFiles/cmTC_6710b.dir/link.txt --verbose=1
/Users/apple/apps/android-ndk-r16b/toolchains/llvm/prebuilt/darwin-x86_64/bin/clang --target=armv7-none-linux-androideabi --gcc-toolchain=/Users/apple/apps/android-ndk-r16b/toolchains/arm-linux-androideabi-4.9/prebuilt/darwin-x86_64 --sysroot=/Users/apple/apps/android-ndk-r16b/platforms/android-14/arch-arm -march=armv7-a -mthumb -mfpu=vfpv3-d16 -mfloat-abi=softfp -funwind-tables -no-canonical-prefixes -D__ANDROID_API__=14 -fexceptions  -g  -Wl,--fix-cortex-a8  -Wl,--gc-sections -Wl,-z,nocopyreloc -L/usr/local/opt/openssl/lib  CMakeFiles/cmTC_6710b.dir/feature_tests.c.o  -o cmTC_6710b 


    Feature record: C_FEATURE:1c_function_prototypes
    Feature record: C_FEATURE:1c_restrict
    Feature record: C_FEATURE:0c_static_assert
    Feature record: C_FEATURE:1c_variadic_macros


Detecting C [-std=c90] compiler features compiled with the following output:
Change Dir: /Users/apple/code/android_code/media_xxx/app/src/main/cpp/build/CMakeFiles/CMakeTmp

Run Build Command:"/usr/bin/make" "cmTC_64199/fast"
/Applications/Xcode.app/Contents/Developer/usr/bin/make -f CMakeFiles/cmTC_64199.dir/build.make CMakeFiles/cmTC_64199.dir/build
Building C object CMakeFiles/cmTC_64199.dir/feature_tests.c.o
/Users/apple/apps/android-ndk-r16b/toolchains/llvm/prebuilt/darwin-x86_64/bin/clang --target=armv7-none-linux-androideabi --gcc-toolchain=/Users/apple/apps/android-ndk-r16b/toolchains/arm-linux-androideabi-4.9/prebuilt/darwin-x86_64 --sysroot=/Users/apple/apps/android-ndk-r16b/sysroot  -isystem /Users/apple/apps/android-ndk-r16b/sysroot/usr/include -isystem /Users/apple/apps/android-ndk-r16b/sysroot/usr/include/arm-linux-androideabi  -march=armv7-a -mthumb -mfpu=vfpv3-d16 -mfloat-abi=softfp -funwind-tables -no-canonical-prefixes -D__ANDROID_API__=14 -fexceptions  -g   -std=c90 -o CMakeFiles/cmTC_64199.dir/feature_tests.c.o   -c /Users/apple/code/android_code/media_xxx/app/src/main/cpp/build/CMakeFiles/feature_tests.c
Linking C executable cmTC_64199
/Users/apple/Library/Android/sdk/cmake/3.10.2.4988404/bin/cmake -E cmake_link_script CMakeFiles/cmTC_64199.dir/link.txt --verbose=1
/Users/apple/apps/android-ndk-r16b/toolchains/llvm/prebuilt/darwin-x86_64/bin/clang --target=armv7-none-linux-androideabi --gcc-toolchain=/Users/apple/apps/android-ndk-r16b/toolchains/arm-linux-androideabi-4.9/prebuilt/darwin-x86_64 --sysroot=/Users/apple/apps/android-ndk-r16b/platforms/android-14/arch-arm -march=armv7-a -mthumb -mfpu=vfpv3-d16 -mfloat-abi=softfp -funwind-tables -no-canonical-prefixes -D__ANDROID_API__=14 -fexceptions  -g  -Wl,--fix-cortex-a8  -Wl,--gc-sections -Wl,-z,nocopyreloc -L/usr/local/opt/openssl/lib  CMakeFiles/cmTC_64199.dir/feature_tests.c.o  -o cmTC_64199 


    Feature record: C_FEATURE:1c_function_prototypes
    Feature record: C_FEATURE:0c_restrict
    Feature record: C_FEATURE:0c_static_assert
    Feature record: C_FEATURE:0c_variadic_macros
Determining if the CXX compiler works passed with the following output:
Change Dir: /Users/apple/code/android_code/media_xxx/app/src/main/cpp/build/CMakeFiles/CMakeTmp

Run Build Command:"/usr/bin/make" "cmTC_4b26f/fast"
/Applications/Xcode.app/Contents/Developer/usr/bin/make -f CMakeFiles/cmTC_4b26f.dir/build.make CMakeFiles/cmTC_4b26f.dir/build
Building CXX object CMakeFiles/cmTC_4b26f.dir/testCXXCompiler.cxx.o
/Users/apple/apps/android-ndk-r16b/toolchains/llvm/prebuilt/darwin-x86_64/bin/clang++ --target=armv7-none-linux-androideabi --gcc-toolchain=/Users/apple/apps/android-ndk-r16b/toolchains/arm-linux-androideabi-4.9/prebuilt/darwin-x86_64 --sysroot=/Users/apple/apps/android-ndk-r16b/sysroot   -isystem /Users/apple/apps/android-ndk-r16b/sources/cxx-stl/llvm-libc++/include -isystem /Users/apple/apps/android-ndk-r16b/sources/android/support/include -isystem /Users/apple/apps/android-ndk-r16b/sources/cxx-stl/llvm-libc++abi/include -isystem /Users/apple/apps/android-ndk-r16b/sysroot/usr/include -isystem /Users/apple/apps/android-ndk-r16b/sysroot/usr/include/arm-linux-androideabi  -march=armv7-a -mthumb -mfpu=vfpv3-d16 -mfloat-abi=softfp -funwind-tables -no-canonical-prefixes -D__ANDROID_API__=14 -fexceptions -frtti  -g   -o CMakeFiles/cmTC_4b26f.dir/testCXXCompiler.cxx.o -c /Users/apple/code/android_code/media_xxx/app/src/main/cpp/build/CMakeFiles/CMakeTmp/testCXXCompiler.cxx
Linking CXX executable cmTC_4b26f
/Users/apple/Library/Android/sdk/cmake/3.10.2.4988404/bin/cmake -E cmake_link_script CMakeFiles/cmTC_4b26f.dir/link.txt --verbose=1
/Users/apple/apps/android-ndk-r16b/toolchains/llvm/prebuilt/darwin-x86_64/bin/clang++ --target=armv7-none-linux-androideabi --gcc-toolchain=/Users/apple/apps/android-ndk-r16b/toolchains/arm-linux-androideabi-4.9/prebuilt/darwin-x86_64 --sysroot=/Users/apple/apps/android-ndk-r16b/platforms/android-14/arch-arm  -march=armv7-a -mthumb -mfpu=vfpv3-d16 -mfloat-abi=softfp -funwind-tables -no-canonical-prefixes -D__ANDROID_API__=14 -fexceptions -frtti  -g  -Wl,--fix-cortex-a8  -Wl,--gc-sections -Wl,-z,nocopyreloc -L/usr/local/opt/openssl/lib  CMakeFiles/cmTC_4b26f.dir/testCXXCompiler.cxx.o  -o cmTC_4b26f  "/Users/apple/apps/android-ndk-r16b/sources/cxx-stl/llvm-libc++/libs/armeabi-v7a/libc++_static.a" "/Users/apple/apps/android-ndk-r16b/sources/cxx-stl/llvm-libc++/libs/armeabi-v7a/libc++abi.a" "/Users/apple/apps/android-ndk-r16b/sources/cxx-stl/llvm-libc++/libs/armeabi-v7a/libandroid_support.a" "/Users/apple/apps/android-ndk-r16b/sources/cxx-stl/llvm-libc++/libs/armeabi-v7a/libunwind.a" -latomic 


Detecting CXX compiler ABI info compiled with the following output:
Change Dir: /Users/apple/code/android_code/media_xxx/app/src/main/cpp/build/CMakeFiles/CMakeTmp

Run Build Command:"/usr/bin/make" "cmTC_2dac9/fast"
/Applications/Xcode.app/Contents/Developer/usr/bin/make -f CMakeFiles/cmTC_2dac9.dir/build.make CMakeFiles/cmTC_2dac9.dir/build
Building CXX object CMakeFiles/cmTC_2dac9.dir/CMakeCXXCompilerABI.cpp.o
/Users/apple/apps/android-ndk-r16b/toolchains/llvm/prebuilt/darwin-x86_64/bin/clang++ --target=armv7-none-linux-androideabi --gcc-toolchain=/Users/apple/apps/android-ndk-r16b/toolchains/arm-linux-androideabi-4.9/prebuilt/darwin-x86_64 --sysroot=/Users/apple/apps/android-ndk-r16b/sysroot   -isystem /Users/apple/apps/android-ndk-r16b/sources/cxx-stl/llvm-libc++/include -isystem /Users/apple/apps/android-ndk-r16b/sources/android/support/include -isystem /Users/apple/apps/android-ndk-r16b/sources/cxx-stl/llvm-libc++abi/include -isystem /Users/apple/apps/android-ndk-r16b/sysroot/usr/include -isystem /Users/apple/apps/android-ndk-r16b/sysroot/usr/include/arm-linux-androideabi  -march=armv7-a -mthumb -mfpu=vfpv3-d16 -mfloat-abi=softfp -funwind-tables -no-canonical-prefixes -D__ANDROID_API__=14 -fexceptions -frtti  -g   -o CMakeFiles/cmTC_2dac9.dir/CMakeCXXCompilerABI.cpp.o -c /Users/apple/Library/Android/sdk/cmake/3.10.2.4988404/share/cmake-3.10/Modules/CMakeCXXCompilerABI.cpp
Linking CXX executable cmTC_2dac9
/Users/apple/Library/Android/sdk/cmake/3.10.2.4988404/bin/cmake -E cmake_link_script CMakeFiles/cmTC_2dac9.dir/link.txt --verbose=1
/Users/apple/apps/android-ndk-r16b/toolchains/llvm/prebuilt/darwin-x86_64/bin/clang++ --target=armv7-none-linux-androideabi --gcc-toolchain=/Users/apple/apps/android-ndk-r16b/toolchains/arm-linux-androideabi-4.9/prebuilt/darwin-x86_64 --sysroot=/Users/apple/apps/android-ndk-r16b/platforms/android-14/arch-arm  -march=armv7-a -mthumb -mfpu=vfpv3-d16 -mfloat-abi=softfp -funwind-tables -no-canonical-prefixes -D__ANDROID_API__=14 -fexceptions -frtti  -g  -Wl,--fix-cortex-a8  -Wl,--gc-sections -Wl,-z,nocopyreloc -L/usr/local/opt/openssl/lib -v CMakeFiles/cmTC_2dac9.dir/CMakeCXXCompilerABI.cpp.o  -o cmTC_2dac9  "/Users/apple/apps/android-ndk-r16b/sources/cxx-stl/llvm-libc++/libs/armeabi-v7a/libc++_static.a" "/Users/apple/apps/android-ndk-r16b/sources/cxx-stl/llvm-libc++/libs/armeabi-v7a/libc++abi.a" "/Users/apple/apps/android-ndk-r16b/sources/cxx-stl/llvm-libc++/libs/armeabi-v7a/libandroid_support.a" "/Users/apple/apps/android-ndk-r16b/sources/cxx-stl/llvm-libc++/libs/armeabi-v7a/libunwind.a" -latomic 
Android clang version 5.0.300080  (based on LLVM 5.0.300080)
Target: armv7-none-linux-android
Thread model: posix
InstalledDir: /Users/apple/apps/android-ndk-r16b/toolchains/llvm/prebuilt/darwin-x86_64/bin
Found candidate GCC installation: /Users/apple/apps/android-ndk-r16b/toolchains/arm-linux-androideabi-4.9/prebuilt/darwin-x86_64/lib/gcc/arm-linux-androideabi/4.9.x
Selected GCC installation: /Users/apple/apps/android-ndk-r16b/toolchains/arm-linux-androideabi-4.9/prebuilt/darwin-x86_64/lib/gcc/arm-linux-androideabi/4.9.x
Candidate multilib: thumb;@thumb
Candidate multilib: armv7-a;@armv7
Candidate multilib: armv7-a/thumb;@armv7@thumb
Candidate multilib: .;
Selected multilib: armv7-a/thumb;@armv7@thumb
 "/Users/apple/apps/android-ndk-r16b/toolchains/arm-linux-androideabi-4.9/prebuilt/darwin-x86_64/lib/gcc/arm-linux-androideabi/4.9.x/../../../../arm-linux-androideabi/bin/ld" --sysroot=/Users/apple/apps/android-ndk-r16b/platforms/android-14/arch-arm -X --eh-frame-hdr -m armelf_linux_eabi -dynamic-linker /system/bin/linker -o cmTC_2dac9 /Users/apple/apps/android-ndk-r16b/platforms/android-14/arch-arm/usr/lib/../lib/crtbegin_dynamic.o -L/usr/local/opt/openssl/lib -L/Users/apple/apps/android-ndk-r16b/toolchains/llvm/prebuilt/darwin-x86_64/lib64/clang/5.0.300080/lib/linux/arm -L/Users/apple/apps/android-ndk-r16b/toolchains/arm-linux-androideabi-4.9/prebuilt/darwin-x86_64/lib/gcc/arm-linux-androideabi/4.9.x/armv7-a/thumb -L/Users/apple/apps/android-ndk-r16b/toolchains/arm-linux-androideabi-4.9/prebuilt/darwin-x86_64/lib/gcc/arm-linux-androideabi/4.9.x/../../../../arm-linux-androideabi/lib/../lib/armv7-a/thumb -L/Users/apple/apps/android-ndk-r16b/platforms/android-14/arch-arm/usr/lib/../lib -L/Users/apple/apps/android-ndk-r16b/toolchains/arm-linux-androideabi-4.9/prebuilt/darwin-x86_64/lib/gcc/arm-linux-androideabi/4.9.x/../../../../arm-linux-androideabi/lib/armv7-a/thumb -L/Users/apple/apps/android-ndk-r16b/platforms/android-14/arch-arm/usr/lib --fix-cortex-a8 --gc-sections -z nocopyreloc CMakeFiles/cmTC_2dac9.dir/CMakeCXXCompilerABI.cpp.o /Users/apple/apps/android-ndk-r16b/sources/cxx-stl/llvm-libc++/libs/armeabi-v7a/libc++_static.a /Users/apple/apps/android-ndk-r16b/sources/cxx-stl/llvm-libc++/libs/armeabi-v7a/libc++abi.a /Users/apple/apps/android-ndk-r16b/sources/cxx-stl/llvm-libc++/libs/armeabi-v7a/libandroid_support.a /Users/apple/apps/android-ndk-r16b/sources/cxx-stl/llvm-libc++/libs/armeabi-v7a/libunwind.a -latomic -lstdc++ -lm -lgcc -lgcc -ldl -lc -lgcc -lgcc -ldl /Users/apple/apps/android-ndk-r16b/platforms/android-14/arch-arm/usr/lib/../lib/crtend_android.o


Parsed CXX implicit link information from above output:
  link line regex: [^( *|.*[/\])(arm-linux-androideabi-ld|CMAKE_LINK_STARTFILE-NOTFOUND|([^/\]+-)?ld|collect2)[^/\]*( |$)]
  ignore line: [Change Dir: /Users/apple/code/android_code/media_xxx/app/src/main/cpp/build/CMakeFiles/CMakeTmp]
  ignore line: []
  ignore line: [Run Build Command:"/usr/bin/make" "cmTC_2dac9/fast"]
  ignore line: [/Applications/Xcode.app/Contents/Developer/usr/bin/make -f CMakeFiles/cmTC_2dac9.dir/build.make CMakeFiles/cmTC_2dac9.dir/build]
  ignore line: [Building CXX object CMakeFiles/cmTC_2dac9.dir/CMakeCXXCompilerABI.cpp.o]
  ignore line: [/Users/apple/apps/android-ndk-r16b/toolchains/llvm/prebuilt/darwin-x86_64/bin/clang++ --target=armv7-none-linux-androideabi --gcc-toolchain=/Users/apple/apps/android-ndk-r16b/toolchains/arm-linux-androideabi-4.9/prebuilt/darwin-x86_64 --sysroot=/Users/apple/apps/android-ndk-r16b/sysroot   -isystem /Users/apple/apps/android-ndk-r16b/sources/cxx-stl/llvm-libc++/include -isystem /Users/apple/apps/android-ndk-r16b/sources/android/support/include -isystem /Users/apple/apps/android-ndk-r16b/sources/cxx-stl/llvm-libc++abi/include -isystem /Users/apple/apps/android-ndk-r16b/sysroot/usr/include -isystem /Users/apple/apps/android-ndk-r16b/sysroot/usr/include/arm-linux-androideabi  -march=armv7-a -mthumb -mfpu=vfpv3-d16 -mfloat-abi=softfp -funwind-tables -no-canonical-prefixes -D__ANDROID_API__=14 -fexceptions -frtti  -g   -o CMakeFiles/cmTC_2dac9.dir/CMakeCXXCompilerABI.cpp.o -c /Users/apple/Library/Android/sdk/cmake/3.10.2.4988404/share/cmake-3.10/Modules/CMakeCXXCompilerABI.cpp]
  ignore line: [Linking CXX executable cmTC_2dac9]
  ignore line: [/Users/apple/Library/Android/sdk/cmake/3.10.2.4988404/bin/cmake -E cmake_link_script CMakeFiles/cmTC_2dac9.dir/link.txt --verbose=1]
  ignore line: [/Users/apple/apps/android-ndk-r16b/toolchains/llvm/prebuilt/darwin-x86_64/bin/clang++ --target=armv7-none-linux-androideabi --gcc-toolchain=/Users/apple/apps/android-ndk-r16b/toolchains/arm-linux-androideabi-4.9/prebuilt/darwin-x86_64 --sysroot=/Users/apple/apps/android-ndk-r16b/platforms/android-14/arch-arm  -march=armv7-a -mthumb -mfpu=vfpv3-d16 -mfloat-abi=softfp -funwind-tables -no-canonical-prefixes -D__ANDROID_API__=14 -fexceptions -frtti  -g  -Wl,--fix-cortex-a8  -Wl,--gc-sections -Wl,-z,nocopyreloc -L/usr/local/opt/openssl/lib -v CMakeFiles/cmTC_2dac9.dir/CMakeCXXCompilerABI.cpp.o  -o cmTC_2dac9  "/Users/apple/apps/android-ndk-r16b/sources/cxx-stl/llvm-libc++/libs/armeabi-v7a/libc++_static.a" "/Users/apple/apps/android-ndk-r16b/sources/cxx-stl/llvm-libc++/libs/armeabi-v7a/libc++abi.a" "/Users/apple/apps/android-ndk-r16b/sources/cxx-stl/llvm-libc++/libs/armeabi-v7a/libandroid_support.a" "/Users/apple/apps/android-ndk-r16b/sources/cxx-stl/llvm-libc++/libs/armeabi-v7a/libunwind.a" -latomic ]
  ignore line: [Android clang version 5.0.300080  (based on LLVM 5.0.300080)]
  ignore line: [Target: armv7-none-linux-android]
  ignore line: [Thread model: posix]
  ignore line: [InstalledDir: /Users/apple/apps/android-ndk-r16b/toolchains/llvm/prebuilt/darwin-x86_64/bin]
  ignore line: [Found candidate GCC installation: /Users/apple/apps/android-ndk-r16b/toolchains/arm-linux-androideabi-4.9/prebuilt/darwin-x86_64/lib/gcc/arm-linux-androideabi/4.9.x]
  ignore line: [Selected GCC installation: /Users/apple/apps/android-ndk-r16b/toolchains/arm-linux-androideabi-4.9/prebuilt/darwin-x86_64/lib/gcc/arm-linux-androideabi/4.9.x]
  ignore line: [Candidate multilib: thumb]
  ignore line: [@thumb]
  ignore line: [Candidate multilib: armv7-a]
  ignore line: [@armv7]
  ignore line: [Candidate multilib: armv7-a/thumb]
  ignore line: [@armv7@thumb]
  ignore line: [Candidate multilib: .]
  ignore line: []
  ignore line: [Selected multilib: armv7-a/thumb]
  ignore line: [@armv7@thumb]
  link line: [ "/Users/apple/apps/android-ndk-r16b/toolchains/arm-linux-androideabi-4.9/prebuilt/darwin-x86_64/lib/gcc/arm-linux-androideabi/4.9.x/../../../../arm-linux-androideabi/bin/ld" --sysroot=/Users/apple/apps/android-ndk-r16b/platforms/android-14/arch-arm -X --eh-frame-hdr -m armelf_linux_eabi -dynamic-linker /system/bin/linker -o cmTC_2dac9 /Users/apple/apps/android-ndk-r16b/platforms/android-14/arch-arm/usr/lib/../lib/crtbegin_dynamic.o -L/usr/local/opt/openssl/lib -L/Users/apple/apps/android-ndk-r16b/toolchains/llvm/prebuilt/darwin-x86_64/lib64/clang/5.0.300080/lib/linux/arm -L/Users/apple/apps/android-ndk-r16b/toolchains/arm-linux-androideabi-4.9/prebuilt/darwin-x86_64/lib/gcc/arm-linux-androideabi/4.9.x/armv7-a/thumb -L/Users/apple/apps/android-ndk-r16b/toolchains/arm-linux-androideabi-4.9/prebuilt/darwin-x86_64/lib/gcc/arm-linux-androideabi/4.9.x/../../../../arm-linux-androideabi/lib/../lib/armv7-a/thumb -L/Users/apple/apps/android-ndk-r16b/platforms/android-14/arch-arm/usr/lib/../lib -L/Users/apple/apps/android-ndk-r16b/toolchains/arm-linux-androideabi-4.9/prebuilt/darwin-x86_64/lib/gcc/arm-linux-androideabi/4.9.x/../../../../arm-linux-androideabi/lib/armv7-a/thumb -L/Users/apple/apps/android-ndk-r16b/platforms/android-14/arch-arm/usr/lib --fix-cortex-a8 --gc-sections -z nocopyreloc CMakeFiles/cmTC_2dac9.dir/CMakeCXXCompilerABI.cpp.o /Users/apple/apps/android-ndk-r16b/sources/cxx-stl/llvm-libc++/libs/armeabi-v7a/libc++_static.a /Users/apple/apps/android-ndk-r16b/sources/cxx-stl/llvm-libc++/libs/armeabi-v7a/libc++abi.a /Users/apple/apps/android-ndk-r16b/sources/cxx-stl/llvm-libc++/libs/armeabi-v7a/libandroid_support.a /Users/apple/apps/android-ndk-r16b/sources/cxx-stl/llvm-libc++/libs/armeabi-v7a/libunwind.a -latomic -lstdc++ -lm -lgcc -lgcc -ldl -lc -lgcc -lgcc -ldl /Users/apple/apps/android-ndk-r16b/platforms/android-14/arch-arm/usr/lib/../lib/crtend_android.o]
    arg [/Users/apple/apps/android-ndk-r16b/toolchains/arm-linux-androideabi-4.9/prebuilt/darwin-x86_64/lib/gcc/arm-linux-androideabi/4.9.x/../../../../arm-linux-androideabi/bin/ld] ==> ignore
    arg [--sysroot=/Users/apple/apps/android-ndk-r16b/platforms/android-14/arch-arm] ==> ignore
    arg [-X] ==> ignore
    arg [--eh-frame-hdr] ==> ignore
    arg [-m] ==> ignore
    arg [armelf_linux_eabi] ==> ignore
    arg [-dynamic-linker] ==> ignore
    arg [/system/bin/linker] ==> ignore
    arg [-o] ==> ignore
    arg [cmTC_2dac9] ==> ignore
    arg [/Users/apple/apps/android-ndk-r16b/platforms/android-14/arch-arm/usr/lib/../lib/crtbegin_dynamic.o] ==> ignore
    arg [-L/usr/local/opt/openssl/lib] ==> dir [/usr/local/opt/openssl/lib]
    arg [-L/Users/apple/apps/android-ndk-r16b/toolchains/llvm/prebuilt/darwin-x86_64/lib64/clang/5.0.300080/lib/linux/arm] ==> dir [/Users/apple/apps/android-ndk-r16b/toolchains/llvm/prebuilt/darwin-x86_64/lib64/clang/5.0.300080/lib/linux/arm]
    arg [-L/Users/apple/apps/android-ndk-r16b/toolchains/arm-linux-androideabi-4.9/prebuilt/darwin-x86_64/lib/gcc/arm-linux-androideabi/4.9.x/armv7-a/thumb] ==> dir [/Users/apple/apps/android-ndk-r16b/toolchains/arm-linux-androideabi-4.9/prebuilt/darwin-x86_64/lib/gcc/arm-linux-androideabi/4.9.x/armv7-a/thumb]
    arg [-L/Users/apple/apps/android-ndk-r16b/toolchains/arm-linux-androideabi-4.9/prebuilt/darwin-x86_64/lib/gcc/arm-linux-androideabi/4.9.x/../../../../arm-linux-androideabi/lib/../lib/armv7-a/thumb] ==> dir [/Users/apple/apps/android-ndk-r16b/toolchains/arm-linux-androideabi-4.9/prebuilt/darwin-x86_64/lib/gcc/arm-linux-androideabi/4.9.x/../../../../arm-linux-androideabi/lib/../lib/armv7-a/thumb]
    arg [-L/Users/apple/apps/android-ndk-r16b/platforms/android-14/arch-arm/usr/lib/../lib] ==> dir [/Users/apple/apps/android-ndk-r16b/platforms/android-14/arch-arm/usr/lib/../lib]
    arg [-L/Users/apple/apps/android-ndk-r16b/toolchains/arm-linux-androideabi-4.9/prebuilt/darwin-x86_64/lib/gcc/arm-linux-androideabi/4.9.x/../../../../arm-linux-androideabi/lib/armv7-a/thumb] ==> dir [/Users/apple/apps/android-ndk-r16b/toolchains/arm-linux-androideabi-4.9/prebuilt/darwin-x86_64/lib/gcc/arm-linux-androideabi/4.9.x/../../../../arm-linux-androideabi/lib/armv7-a/thumb]
    arg [-L/Users/apple/apps/android-ndk-r16b/platforms/android-14/arch-arm/usr/lib] ==> dir [/Users/apple/apps/android-ndk-r16b/platforms/android-14/arch-arm/usr/lib]
    arg [--fix-cortex-a8] ==> ignore
    arg [--gc-sections] ==> ignore
    arg [-znocopyreloc] ==> ignore
    arg [CMakeFiles/cmTC_2dac9.dir/CMakeCXXCompilerABI.cpp.o] ==> ignore
    arg [/Users/apple/apps/android-ndk-r16b/sources/cxx-stl/llvm-libc++/libs/armeabi-v7a/libc++_static.a] ==> lib [/Users/apple/apps/android-ndk-r16b/sources/cxx-stl/llvm-libc++/libs/armeabi-v7a/libc++_static.a]
    arg [/Users/apple/apps/android-ndk-r16b/sources/cxx-stl/llvm-libc++/libs/armeabi-v7a/libc++abi.a] ==> lib [/Users/apple/apps/android-ndk-r16b/sources/cxx-stl/llvm-libc++/libs/armeabi-v7a/libc++abi.a]
    arg [/Users/apple/apps/android-ndk-r16b/sources/cxx-stl/llvm-libc++/libs/armeabi-v7a/libandroid_support.a] ==> lib [/Users/apple/apps/android-ndk-r16b/sources/cxx-stl/llvm-libc++/libs/armeabi-v7a/libandroid_support.a]
    arg [/Users/apple/apps/android-ndk-r16b/sources/cxx-stl/llvm-libc++/libs/armeabi-v7a/libunwind.a] ==> lib [/Users/apple/apps/android-ndk-r16b/sources/cxx-stl/llvm-libc++/libs/armeabi-v7a/libunwind.a]
    arg [-latomic] ==> lib [atomic]
    arg [-lstdc++] ==> lib [stdc++]
    arg [-lm] ==> lib [m]
    arg [-lgcc] ==> lib [gcc]
    arg [-lgcc] ==> lib [gcc]
    arg [-ldl] ==> lib [dl]
    arg [-lc] ==> lib [c]
    arg [-lgcc] ==> lib [gcc]
    arg [-lgcc] ==> lib [gcc]
    arg [-ldl] ==> lib [dl]
    arg [/Users/apple/apps/android-ndk-r16b/platforms/android-14/arch-arm/usr/lib/../lib/crtend_android.o] ==> ignore
  collapse library dir [/usr/local/opt/openssl/lib] ==> [/usr/local/opt/openssl/lib]
  collapse library dir [/Users/apple/apps/android-ndk-r16b/toolchains/llvm/prebuilt/darwin-x86_64/lib64/clang/5.0.300080/lib/linux/arm] ==> [/Users/apple/apps/android-ndk-r16b/toolchains/llvm/prebuilt/darwin-x86_64/lib64/clang/5.0.300080/lib/linux/arm]
  collapse library dir [/Users/apple/apps/android-ndk-r16b/toolchains/arm-linux-androideabi-4.9/prebuilt/darwin-x86_64/lib/gcc/arm-linux-androideabi/4.9.x/armv7-a/thumb] ==> [/Users/apple/apps/android-ndk-r16b/toolchains/arm-linux-androideabi-4.9/prebuilt/darwin-x86_64/lib/gcc/arm-linux-androideabi/4.9.x/armv7-a/thumb]
  collapse library dir [/Users/apple/apps/android-ndk-r16b/toolchains/arm-linux-androideabi-4.9/prebuilt/darwin-x86_64/lib/gcc/arm-linux-androideabi/4.9.x/../../../../arm-linux-androideabi/lib/../lib/armv7-a/thumb] ==> [/Users/apple/apps/android-ndk-r16b/toolchains/arm-linux-androideabi-4.9/prebuilt/darwin-x86_64/arm-linux-androideabi/lib/armv7-a/thumb]
  collapse library dir [/Users/apple/apps/android-ndk-r16b/platforms/android-14/arch-arm/usr/lib/../lib] ==> [/Users/apple/apps/android-ndk-r16b/platforms/android-14/arch-arm/usr/lib]
  collapse library dir [/Users/apple/apps/android-ndk-r16b/toolchains/arm-linux-androideabi-4.9/prebuilt/darwin-x86_64/lib/gcc/arm-linux-androideabi/4.9.x/../../../../arm-linux-androideabi/lib/armv7-a/thumb] ==> [/Users/apple/apps/android-ndk-r16b/toolchains/arm-linux-androideabi-4.9/prebuilt/darwin-x86_64/arm-linux-androideabi/lib/armv7-a/thumb]
  collapse library dir [/Users/apple/apps/android-ndk-r16b/platforms/android-14/arch-arm/usr/lib] ==> [/Users/apple/apps/android-ndk-r16b/platforms/android-14/arch-arm/usr/lib]
  implicit libs: [/Users/apple/apps/android-ndk-r16b/sources/cxx-stl/llvm-libc++/libs/armeabi-v7a/libc++_static.a;/Users/apple/apps/android-ndk-r16b/sources/cxx-stl/llvm-libc++/libs/armeabi-v7a/libc++abi.a;/Users/apple/apps/android-ndk-r16b/sources/cxx-stl/llvm-libc++/libs/armeabi-v7a/libandroid_support.a;/Users/apple/apps/android-ndk-r16b/sources/cxx-stl/llvm-libc++/libs/armeabi-v7a/libunwind.a;atomic;stdc++;m;gcc;gcc;dl;c;gcc;gcc;dl]
  implicit dirs: [/usr/local/opt/openssl/lib;/Users/apple/apps/android-ndk-r16b/toolchains/llvm/prebuilt/darwin-x86_64/lib64/clang/5.0.300080/lib/linux/arm;/Users/apple/apps/android-ndk-r16b/toolchains/arm-linux-androideabi-4.9/prebuilt/darwin-x86_64/lib/gcc/arm-linux-androideabi/4.9.x/armv7-a/thumb;/Users/apple/apps/android-ndk-r16b/toolchains/arm-linux-androideabi-4.9/prebuilt/darwin-x86_64/arm-linux-androideabi/lib/armv7-a/thumb;/Users/apple/apps/android-ndk-r16b/platforms/android-14/arch-arm/usr/lib]
  implicit fwks: []




Detecting CXX [-std=c++1z] compiler features compiled with the following output:
Change Dir: /Users/apple/code/android_code/media_xxx/app/src/main/cpp/build/CMakeFiles/CMakeTmp

Run Build Command:"/usr/bin/make" "cmTC_edcad/fast"
/Applications/Xcode.app/Contents/Developer/usr/bin/make -f CMakeFiles/cmTC_edcad.dir/build.make CMakeFiles/cmTC_edcad.dir/build
Building CXX object CMakeFiles/cmTC_edcad.dir/feature_tests.cxx.o
/Users/apple/apps/android-ndk-r16b/toolchains/llvm/prebuilt/darwin-x86_64/bin/clang++ --target=armv7-none-linux-androideabi --gcc-toolchain=/Users/apple/apps/android-ndk-r16b/toolchains/arm-linux-androideabi-4.9/prebuilt/darwin-x86_64 --sysroot=/Users/apple/apps/android-ndk-r16b/sysroot   -isystem /Users/apple/apps/android-ndk-r16b/sources/cxx-stl/llvm-libc++/include -isystem /Users/apple/apps/android-ndk-r16b/sources/android/support/include -isystem /Users/apple/apps/android-ndk-r16b/sources/cxx-stl/llvm-libc++abi/include -isystem /Users/apple/apps/android-ndk-r16b/sysroot/usr/include -isystem /Users/apple/apps/android-ndk-r16b/sysroot/usr/include/arm-linux-androideabi  -march=armv7-a -mthumb -mfpu=vfpv3-d16 -mfloat-abi=softfp -funwind-tables -no-canonical-prefixes -D__ANDROID_API__=14 -fexceptions -frtti  -g   -std=c++1z -o CMakeFiles/cmTC_edcad.dir/feature_tests.cxx.o -c /Users/apple/code/android_code/media_xxx/app/src/main/cpp/build/CMakeFiles/feature_tests.cxx
Linking CXX executable cmTC_edcad
/Users/apple/Library/Android/sdk/cmake/3.10.2.4988404/bin/cmake -E cmake_link_script CMakeFiles/cmTC_edcad.dir/link.txt --verbose=1
/Users/apple/apps/android-ndk-r16b/toolchains/llvm/prebuilt/darwin-x86_64/bin/clang++ --target=armv7-none-linux-androideabi --gcc-toolchain=/Users/apple/apps/android-ndk-r16b/toolchains/arm-linux-androideabi-4.9/prebuilt/darwin-x86_64 --sysroot=/Users/apple/apps/android-ndk-r16b/platforms/android-14/arch-arm  -march=armv7-a -mthumb -mfpu=vfpv3-d16 -mfloat-abi=softfp -funwind-tables -no-canonical-prefixes -D__ANDROID_API__=14 -fexceptions -frtti  -g  -Wl,--fix-cortex-a8  -Wl,--gc-sections -Wl,-z,nocopyreloc -L/usr/local/opt/openssl/lib  CMakeFiles/cmTC_edcad.dir/feature_tests.cxx.o  -o cmTC_edcad  "/Users/apple/apps/android-ndk-r16b/sources/cxx-stl/llvm-libc++/libs/armeabi-v7a/libc++_static.a" "/Users/apple/apps/android-ndk-r16b/sources/cxx-stl/llvm-libc++/libs/armeabi-v7a/libc++abi.a" "/Users/apple/apps/android-ndk-r16b/sources/cxx-stl/llvm-libc++/libs/armeabi-v7a/libandroid_support.a" "/Users/apple/apps/android-ndk-r16b/sources/cxx-stl/llvm-libc++/libs/armeabi-v7a/libunwind.a" -latomic 


    Feature record: CXX_FEATURE:1cxx_aggregate_default_initializers
    Feature record: CXX_FEATURE:1cxx_alias_templates
    Feature record: CXX_FEATURE:1cxx_alignas
    Feature record: CXX_FEATURE:1cxx_alignof
    Feature record: CXX_FEATURE:1cxx_attributes
    Feature record: CXX_FEATURE:1cxx_attribute_deprecated
    Feature record: CXX_FEATURE:1cxx_auto_type
    Feature record: CXX_FEATURE:1cxx_binary_literals
    Feature record: CXX_FEATURE:1cxx_constexpr
    Feature record: CXX_FEATURE:1cxx_contextual_conversions
    Feature record: CXX_FEATURE:1cxx_decltype
    Feature record: CXX_FEATURE:1cxx_decltype_auto
    Feature record: CXX_FEATURE:1cxx_decltype_incomplete_return_types
    Feature record: CXX_FEATURE:1cxx_default_function_template_args
    Feature record: CXX_FEATURE:1cxx_defaulted_functions
    Feature record: CXX_FEATURE:1cxx_defaulted_move_initializers
    Feature record: CXX_FEATURE:1cxx_delegating_constructors
    Feature record: CXX_FEATURE:1cxx_deleted_functions
    Feature record: CXX_FEATURE:1cxx_digit_separators
    Feature record: CXX_FEATURE:1cxx_enum_forward_declarations
    Feature record: CXX_FEATURE:1cxx_explicit_conversions
    Feature record: CXX_FEATURE:1cxx_extended_friend_declarations
    Feature record: CXX_FEATURE:1cxx_extern_templates
    Feature record: CXX_FEATURE:1cxx_final
    Feature record: CXX_FEATURE:1cxx_func_identifier
    Feature record: CXX_FEATURE:1cxx_generalized_initializers
    Feature record: CXX_FEATURE:1cxx_generic_lambdas
    Feature record: CXX_FEATURE:1cxx_inheriting_constructors
    Feature record: CXX_FEATURE:1cxx_inline_namespaces
    Feature record: CXX_FEATURE:1cxx_lambdas
    Feature record: CXX_FEATURE:1cxx_lambda_init_captures
    Feature record: CXX_FEATURE:1cxx_local_type_template_args
    Feature record: CXX_FEATURE:1cxx_long_long_type
    Feature record: CXX_FEATURE:1cxx_noexcept
    Feature record: CXX_FEATURE:1cxx_nonstatic_member_init
    Feature record: CXX_FEATURE:1cxx_nullptr
    Feature record: CXX_FEATURE:1cxx_override
    Feature record: CXX_FEATURE:1cxx_range_for
    Feature record: CXX_FEATURE:1cxx_raw_string_literals
    Feature record: CXX_FEATURE:1cxx_reference_qualified_functions
    Feature record: CXX_FEATURE:1cxx_relaxed_constexpr
    Feature record: CXX_FEATURE:1cxx_return_type_deduction
    Feature record: CXX_FEATURE:1cxx_right_angle_brackets
    Feature record: CXX_FEATURE:1cxx_rvalue_references
    Feature record: CXX_FEATURE:1cxx_sizeof_member
    Feature record: CXX_FEATURE:1cxx_static_assert
    Feature record: CXX_FEATURE:1cxx_strong_enums
    Feature record: CXX_FEATURE:1cxx_template_template_parameters
    Feature record: CXX_FEATURE:1cxx_thread_local
    Feature record: CXX_FEATURE:1cxx_trailing_return_types
    Feature record: CXX_FEATURE:1cxx_unicode_literals
    Feature record: CXX_FEATURE:1cxx_uniform_initialization
    Feature record: CXX_FEATURE:1cxx_unrestricted_unions
    Feature record: CXX_FEATURE:1cxx_user_literals
    Feature record: CXX_FEATURE:1cxx_variable_templates
    Feature record: CXX_FEATURE:1cxx_variadic_macros
    Feature record: CXX_FEATURE:1cxx_variadic_templates


Detecting CXX [-std=c++14] compiler features compiled with the following output:
Change Dir: /Users/apple/code/android_code/media_xxx/app/src/main/cpp/build/CMakeFiles/CMakeTmp

Run Build Command:"/usr/bin/make" "cmTC_77d75/fast"
/Applications/Xcode.app/Contents/Developer/usr/bin/make -f CMakeFiles/cmTC_77d75.dir/build.make CMakeFiles/cmTC_77d75.dir/build
Building CXX object CMakeFiles/cmTC_77d75.dir/feature_tests.cxx.o
/Users/apple/apps/android-ndk-r16b/toolchains/llvm/prebuilt/darwin-x86_64/bin/clang++ --target=armv7-none-linux-androideabi --gcc-toolchain=/Users/apple/apps/android-ndk-r16b/toolchains/arm-linux-androideabi-4.9/prebuilt/darwin-x86_64 --sysroot=/Users/apple/apps/android-ndk-r16b/sysroot   -isystem /Users/apple/apps/android-ndk-r16b/sources/cxx-stl/llvm-libc++/include -isystem /Users/apple/apps/android-ndk-r16b/sources/android/support/include -isystem /Users/apple/apps/android-ndk-r16b/sources/cxx-stl/llvm-libc++abi/include -isystem /Users/apple/apps/android-ndk-r16b/sysroot/usr/include -isystem /Users/apple/apps/android-ndk-r16b/sysroot/usr/include/arm-linux-androideabi  -march=armv7-a -mthumb -mfpu=vfpv3-d16 -mfloat-abi=softfp -funwind-tables -no-canonical-prefixes -D__ANDROID_API__=14 -fexceptions -frtti  -g   -std=c++14 -o CMakeFiles/cmTC_77d75.dir/feature_tests.cxx.o -c /Users/apple/code/android_code/media_xxx/app/src/main/cpp/build/CMakeFiles/feature_tests.cxx
Linking CXX executable cmTC_77d75
/Users/apple/Library/Android/sdk/cmake/3.10.2.4988404/bin/cmake -E cmake_link_script CMakeFiles/cmTC_77d75.dir/link.txt --verbose=1
/Users/apple/apps/android-ndk-r16b/toolchains/llvm/prebuilt/darwin-x86_64/bin/clang++ --target=armv7-none-linux-androideabi --gcc-toolchain=/Users/apple/apps/android-ndk-r16b/toolchains/arm-linux-androideabi-4.9/prebuilt/darwin-x86_64 --sysroot=/Users/apple/apps/android-ndk-r16b/platforms/android-14/arch-arm  -march=armv7-a -mthumb -mfpu=vfpv3-d16 -mfloat-abi=softfp -funwind-tables -no-canonical-prefixes -D__ANDROID_API__=14 -fexceptions -frtti  -g  -Wl,--fix-cortex-a8  -Wl,--gc-sections -Wl,-z,nocopyreloc -L/usr/local/opt/openssl/lib  CMakeFiles/cmTC_77d75.dir/feature_tests.cxx.o  -o cmTC_77d75  "/Users/apple/apps/android-ndk-r16b/sources/cxx-stl/llvm-libc++/libs/armeabi-v7a/libc++_static.a" "/Users/apple/apps/android-ndk-r16b/sources/cxx-stl/llvm-libc++/libs/armeabi-v7a/libc++abi.a" "/Users/apple/apps/android-ndk-r16b/sources/cxx-stl/llvm-libc++/libs/armeabi-v7a/libandroid_support.a" "/Users/apple/apps/android-ndk-r16b/sources/cxx-stl/llvm-libc++/libs/armeabi-v7a/libunwind.a" -latomic 


    Feature record: CXX_FEATURE:1cxx_aggregate_default_initializers
    Feature record: CXX_FEATURE:1cxx_alias_templates
    Feature record: CXX_FEATURE:1cxx_alignas
    Feature record: CXX_FEATURE:1cxx_alignof
    Feature record: CXX_FEATURE:1cxx_attributes
    Feature record: CXX_FEATURE:1cxx_attribute_deprecated
    Feature record: CXX_FEATURE:1cxx_auto_type
    Feature record: CXX_FEATURE:1cxx_binary_literals
    Feature record: CXX_FEATURE:1cxx_constexpr
    Feature record: CXX_FEATURE:1cxx_contextual_conversions
    Feature record: CXX_FEATURE:1cxx_decltype
    Feature record: CXX_FEATURE:1cxx_decltype_auto
    Feature record: CXX_FEATURE:1cxx_decltype_incomplete_return_types
    Feature record: CXX_FEATURE:1cxx_default_function_template_args
    Feature record: CXX_FEATURE:1cxx_defaulted_functions
    Feature record: CXX_FEATURE:1cxx_defaulted_move_initializers
    Feature record: CXX_FEATURE:1cxx_delegating_constructors
    Feature record: CXX_FEATURE:1cxx_deleted_functions
    Feature record: CXX_FEATURE:1cxx_digit_separators
    Feature record: CXX_FEATURE:1cxx_enum_forward_declarations
    Feature record: CXX_FEATURE:1cxx_explicit_conversions
    Feature record: CXX_FEATURE:1cxx_extended_friend_declarations
    Feature record: CXX_FEATURE:1cxx_extern_templates
    Feature record: CXX_FEATURE:1cxx_final
    Feature record: CXX_FEATURE:1cxx_func_identifier
    Feature record: CXX_FEATURE:1cxx_generalized_initializers
    Feature record: CXX_FEATURE:1cxx_generic_lambdas
    Feature record: CXX_FEATURE:1cxx_inheriting_constructors
    Feature record: CXX_FEATURE:1cxx_inline_namespaces
    Feature record: CXX_FEATURE:1cxx_lambdas
    Feature record: CXX_FEATURE:1cxx_lambda_init_captures
    Feature record: CXX_FEATURE:1cxx_local_type_template_args
    Feature record: CXX_FEATURE:1cxx_long_long_type
    Feature record: CXX_FEATURE:1cxx_noexcept
    Feature record: CXX_FEATURE:1cxx_nonstatic_member_init
    Feature record: CXX_FEATURE:1cxx_nullptr
    Feature record: CXX_FEATURE:1cxx_override
    Feature record: CXX_FEATURE:1cxx_range_for
    Feature record: CXX_FEATURE:1cxx_raw_string_literals
    Feature record: CXX_FEATURE:1cxx_reference_qualified_functions
    Feature record: CXX_FEATURE:1cxx_relaxed_constexpr
    Feature record: CXX_FEATURE:1cxx_return_type_deduction
    Feature record: CXX_FEATURE:1cxx_right_angle_brackets
    Feature record: CXX_FEATURE:1cxx_rvalue_references
    Feature record: CXX_FEATURE:1cxx_sizeof_member
    Feature record: CXX_FEATURE:1cxx_static_assert
    Feature record: CXX_FEATURE:1cxx_strong_enums
    Feature record: CXX_FEATURE:1cxx_template_template_parameters
    Feature record: CXX_FEATURE:1cxx_thread_local
    Feature record: CXX_FEATURE:1cxx_trailing_return_types
    Feature record: CXX_FEATURE:1cxx_unicode_literals
    Feature record: CXX_FEATURE:1cxx_uniform_initialization
    Feature record: CXX_FEATURE:1cxx_unrestricted_unions
    Feature record: CXX_FEATURE:1cxx_user_literals
    Feature record: CXX_FEATURE:1cxx_variable_templates
    Feature record: CXX_FEATURE:1cxx_variadic_macros
    Feature record: CXX_FEATURE:1cxx_variadic_templates


Detecting CXX [-std=c++11] compiler features compiled with the following output:
Change Dir: /Users/apple/code/android_code/media_xxx/app/src/main/cpp/build/CMakeFiles/CMakeTmp

Run Build Command:"/usr/bin/make" "cmTC_22352/fast"
/Applications/Xcode.app/Contents/Developer/usr/bin/make -f CMakeFiles/cmTC_22352.dir/build.make CMakeFiles/cmTC_22352.dir/build
Building CXX object CMakeFiles/cmTC_22352.dir/feature_tests.cxx.o
/Users/apple/apps/android-ndk-r16b/toolchains/llvm/prebuilt/darwin-x86_64/bin/clang++ --target=armv7-none-linux-androideabi --gcc-toolchain=/Users/apple/apps/android-ndk-r16b/toolchains/arm-linux-androideabi-4.9/prebuilt/darwin-x86_64 --sysroot=/Users/apple/apps/android-ndk-r16b/sysroot   -isystem /Users/apple/apps/android-ndk-r16b/sources/cxx-stl/llvm-libc++/include -isystem /Users/apple/apps/android-ndk-r16b/sources/android/support/include -isystem /Users/apple/apps/android-ndk-r16b/sources/cxx-stl/llvm-libc++abi/include -isystem /Users/apple/apps/android-ndk-r16b/sysroot/usr/include -isystem /Users/apple/apps/android-ndk-r16b/sysroot/usr/include/arm-linux-androideabi  -march=armv7-a -mthumb -mfpu=vfpv3-d16 -mfloat-abi=softfp -funwind-tables -no-canonical-prefixes -D__ANDROID_API__=14 -fexceptions -frtti  -g   -std=c++11 -o CMakeFiles/cmTC_22352.dir/feature_tests.cxx.o -c /Users/apple/code/android_code/media_xxx/app/src/main/cpp/build/CMakeFiles/feature_tests.cxx
Linking CXX executable cmTC_22352
/Users/apple/Library/Android/sdk/cmake/3.10.2.4988404/bin/cmake -E cmake_link_script CMakeFiles/cmTC_22352.dir/link.txt --verbose=1
/Users/apple/apps/android-ndk-r16b/toolchains/llvm/prebuilt/darwin-x86_64/bin/clang++ --target=armv7-none-linux-androideabi --gcc-toolchain=/Users/apple/apps/android-ndk-r16b/toolchains/arm-linux-androideabi-4.9/prebuilt/darwin-x86_64 --sysroot=/Users/apple/apps/android-ndk-r16b/platforms/android-14/arch-arm  -march=armv7-a -mthumb -mfpu=vfpv3-d16 -mfloat-abi=softfp -funwind-tables -no-canonical-prefixes -D__ANDROID_API__=14 -fexceptions -frtti  -g  -Wl,--fix-cortex-a8  -Wl,--gc-sections -Wl,-z,nocopyreloc -L/usr/local/opt/openssl/lib  CMakeFiles/cmTC_22352.dir/feature_tests.cxx.o  -o cmTC_22352  "/Users/apple/apps/android-ndk-r16b/sources/cxx-stl/llvm-libc++/libs/armeabi-v7a/libc++_static.a" "/Users/apple/apps/android-ndk-r16b/sources/cxx-stl/llvm-libc++/libs/armeabi-v7a/libc++abi.a" "/Users/apple/apps/android-ndk-r16b/sources/cxx-stl/llvm-libc++/libs/armeabi-v7a/libandroid_support.a" "/Users/apple/apps/android-ndk-r16b/sources/cxx-stl/llvm-libc++/libs/armeabi-v7a/libunwind.a" -latomic 


    Feature record: CXX_FEATURE:0cxx_aggregate_default_initializers
    Feature record: CXX_FEATURE:1cxx_alias_templates
    Feature record: CXX_FEATURE:1cxx_alignas
    Feature record: CXX_FEATURE:1cxx_alignof
    Feature record: CXX_FEATURE:1cxx_attributes
    Feature record: CXX_FEATURE:0cxx_attribute_deprecated
    Feature record: CXX_FEATURE:1cxx_auto_type
    Feature record: CXX_FEATURE:0cxx_binary_literals
    Feature record: CXX_FEATURE:1cxx_constexpr
    Feature record: CXX_FEATURE:0cxx_contextual_conversions
    Feature record: CXX_FEATURE:1cxx_decltype
    Feature record: CXX_FEATURE:0cxx_decltype_auto
    Feature record: CXX_FEATURE:1cxx_decltype_incomplete_return_types
    Feature record: CXX_FEATURE:1cxx_default_function_template_args
    Feature record: CXX_FEATURE:1cxx_defaulted_functions
    Feature record: CXX_FEATURE:1cxx_defaulted_move_initializers
    Feature record: CXX_FEATURE:1cxx_delegating_constructors
    Feature record: CXX_FEATURE:1cxx_deleted_functions
    Feature record: CXX_FEATURE:0cxx_digit_separators
    Feature record: CXX_FEATURE:1cxx_enum_forward_declarations
    Feature record: CXX_FEATURE:1cxx_explicit_conversions
    Feature record: CXX_FEATURE:1cxx_extended_friend_declarations
    Feature record: CXX_FEATURE:1cxx_extern_templates
    Feature record: CXX_FEATURE:1cxx_final
    Feature record: CXX_FEATURE:1cxx_func_identifier
    Feature record: CXX_FEATURE:1cxx_generalized_initializers
    Feature record: CXX_FEATURE:0cxx_generic_lambdas
    Feature record: CXX_FEATURE:1cxx_inheriting_constructors
    Feature record: CXX_FEATURE:1cxx_inline_namespaces
    Feature record: CXX_FEATURE:1cxx_lambdas
    Feature record: CXX_FEATURE:0cxx_lambda_init_captures
    Feature record: CXX_FEATURE:1cxx_local_type_template_args
    Feature record: CXX_FEATURE:1cxx_long_long_type
    Feature record: CXX_FEATURE:1cxx_noexcept
    Feature record: CXX_FEATURE:1cxx_nonstatic_member_init
    Feature record: CXX_FEATURE:1cxx_nullptr
    Feature record: CXX_FEATURE:1cxx_override
    Feature record: CXX_FEATURE:1cxx_range_for
    Feature record: CXX_FEATURE:1cxx_raw_string_literals
    Feature record: CXX_FEATURE:1cxx_reference_qualified_functions
    Feature record: CXX_FEATURE:0cxx_relaxed_constexpr
    Feature record: CXX_FEATURE:0cxx_return_type_deduction
    Feature record: CXX_FEATURE:1cxx_right_angle_brackets
    Feature record: CXX_FEATURE:1cxx_rvalue_references
    Feature record: CXX_FEATURE:1cxx_sizeof_member
    Feature record: CXX_FEATURE:1cxx_static_assert
    Feature record: CXX_FEATURE:1cxx_strong_enums
    Feature record: CXX_FEATURE:1cxx_template_template_parameters
    Feature record: CXX_FEATURE:1cxx_thread_local
    Feature record: CXX_FEATURE:1cxx_trailing_return_types
    Feature record: CXX_FEATURE:1cxx_unicode_literals
    Feature record: CXX_FEATURE:1cxx_uniform_initialization
    Feature record: CXX_FEATURE:1cxx_unrestricted_unions
    Feature record: CXX_FEATURE:1cxx_user_literals
    Feature record: CXX_FEATURE:0cxx_variable_templates
    Feature record: CXX_FEATURE:1cxx_variadic_macros
    Feature record: CXX_FEATURE:1cxx_variadic_templates


Detecting CXX [-std=c++98] compiler features compiled with the following output:
Change Dir: /Users/apple/code/android_code/media_xxx/app/src/main/cpp/build/CMakeFiles/CMakeTmp

Run Build Command:"/usr/bin/make" "cmTC_6fc36/fast"
/Applications/Xcode.app/Contents/Developer/usr/bin/make -f CMakeFiles/cmTC_6fc36.dir/build.make CMakeFiles/cmTC_6fc36.dir/build
Building CXX object CMakeFiles/cmTC_6fc36.dir/feature_tests.cxx.o
/Users/apple/apps/android-ndk-r16b/toolchains/llvm/prebuilt/darwin-x86_64/bin/clang++ --target=armv7-none-linux-androideabi --gcc-toolchain=/Users/apple/apps/android-ndk-r16b/toolchains/arm-linux-androideabi-4.9/prebuilt/darwin-x86_64 --sysroot=/Users/apple/apps/android-ndk-r16b/sysroot   -isystem /Users/apple/apps/android-ndk-r16b/sources/cxx-stl/llvm-libc++/include -isystem /Users/apple/apps/android-ndk-r16b/sources/android/support/include -isystem /Users/apple/apps/android-ndk-r16b/sources/cxx-stl/llvm-libc++abi/include -isystem /Users/apple/apps/android-ndk-r16b/sysroot/usr/include -isystem /Users/apple/apps/android-ndk-r16b/sysroot/usr/include/arm-linux-androideabi  -march=armv7-a -mthumb -mfpu=vfpv3-d16 -mfloat-abi=softfp -funwind-tables -no-canonical-prefixes -D__ANDROID_API__=14 -fexceptions -frtti  -g   -std=c++98 -o CMakeFiles/cmTC_6fc36.dir/feature_tests.cxx.o -c /Users/apple/code/android_code/media_xxx/app/src/main/cpp/build/CMakeFiles/feature_tests.cxx
Linking CXX executable cmTC_6fc36
/Users/apple/Library/Android/sdk/cmake/3.10.2.4988404/bin/cmake -E cmake_link_script CMakeFiles/cmTC_6fc36.dir/link.txt --verbose=1
/Users/apple/apps/android-ndk-r16b/toolchains/llvm/prebuilt/darwin-x86_64/bin/clang++ --target=armv7-none-linux-androideabi --gcc-toolchain=/Users/apple/apps/android-ndk-r16b/toolchains/arm-linux-androideabi-4.9/prebuilt/darwin-x86_64 --sysroot=/Users/apple/apps/android-ndk-r16b/platforms/android-14/arch-arm  -march=armv7-a -mthumb -mfpu=vfpv3-d16 -mfloat-abi=softfp -funwind-tables -no-canonical-prefixes -D__ANDROID_API__=14 -fexceptions -frtti  -g  -Wl,--fix-cortex-a8  -Wl,--gc-sections -Wl,-z,nocopyreloc -L/usr/local/opt/openssl/lib  CMakeFiles/cmTC_6fc36.dir/feature_tests.cxx.o  -o cmTC_6fc36  "/Users/apple/apps/android-ndk-r16b/sources/cxx-stl/llvm-libc++/libs/armeabi-v7a/libc++_static.a" "/Users/apple/apps/android-ndk-r16b/sources/cxx-stl/llvm-libc++/libs/armeabi-v7a/libc++abi.a" "/Users/apple/apps/android-ndk-r16b/sources/cxx-stl/llvm-libc++/libs/armeabi-v7a/libandroid_support.a" "/Users/apple/apps/android-ndk-r16b/sources/cxx-stl/llvm-libc++/libs/armeabi-v7a/libunwind.a" -latomic 


    Feature record: CXX_FEATURE:0cxx_aggregate_default_initializers
    Feature record: CXX_FEATURE:0cxx_alias_templates
    Feature record: CXX_FEATURE:0cxx_alignas
    Feature record: CXX_FEATURE:0cxx_alignof
    Feature record: CXX_FEATURE:0cxx_attributes
    Feature record: CXX_FEATURE:0cxx_attribute_deprecated
    Feature record: CXX_FEATURE:0cxx_auto_type
    Feature record: CXX_FEATURE:0cxx_binary_literals
    Feature record: CXX_FEATURE:0cxx_constexpr
    Feature record: CXX_FEATURE:0cxx_contextual_conversions
    Feature record: CXX_FEATURE:0cxx_decltype
    Feature record: CXX_FEATURE:0cxx_decltype_auto
    Feature record: CXX_FEATURE:0cxx_decltype_incomplete_return_types
    Feature record: CXX_FEATURE:0cxx_default_function_template_args
    Feature record: CXX_FEATURE:0cxx_defaulted_functions
    Feature record: CXX_FEATURE:0cxx_defaulted_move_initializers
    Feature record: CXX_FEATURE:0cxx_delegating_constructors
    Feature record: CXX_FEATURE:0cxx_deleted_functions
    Feature record: CXX_FEATURE:0cxx_digit_separators
    Feature record: CXX_FEATURE:0cxx_enum_forward_declarations
    Feature record: CXX_FEATURE:0cxx_explicit_conversions
    Feature record: CXX_FEATURE:0cxx_extended_friend_declarations
    Feature record: CXX_FEATURE:0cxx_extern_templates
    Feature record: CXX_FEATURE:0cxx_final
    Feature record: CXX_FEATURE:0cxx_func_identifier
    Feature record: CXX_FEATURE:0cxx_generalized_initializers
    Feature record: CXX_FEATURE:0cxx_generic_lambdas
    Feature record: CXX_FEATURE:0cxx_inheriting_constructors
    Feature record: CXX_FEATURE:0cxx_inline_namespaces
    Feature record: CXX_FEATURE:0cxx_lambdas
    Feature record: CXX_FEATURE:0cxx_lambda_init_captures
    Feature record: CXX_FEATURE:0cxx_local_type_template_args
    Feature record: CXX_FEATURE:0cxx_long_long_type
    Feature record: CXX_FEATURE:0cxx_noexcept
    Feature record: CXX_FEATURE:0cxx_nonstatic_member_init
    Feature record: CXX_FEATURE:0cxx_nullptr
    Feature record: CXX_FEATURE:0cxx_override
    Feature record: CXX_FEATURE:0cxx_range_for
    Feature record: CXX_FEATURE:0cxx_raw_string_literals
    Feature record: CXX_FEATURE:0cxx_reference_qualified_functions
    Feature record: CXX_FEATURE:0cxx_relaxed_constexpr
    Feature record: CXX_FEATURE:0cxx_return_type_deduction
    Feature record: CXX_FEATURE:0cxx_right_angle_brackets
    Feature record: CXX_FEATURE:0cxx_rvalue_references
    Feature record: CXX_FEATURE:0cxx_sizeof_member
    Feature record: CXX_FEATURE:0cxx_static_assert
    Feature record: CXX_FEATURE:0cxx_strong_enums
    Feature record: CXX_FEATURE:1cxx_template_template_parameters
    Feature record: CXX_FEATURE:0cxx_thread_local
    Feature record: CXX_FEATURE:0cxx_trailing_return_types
    Feature record: CXX_FEATURE:0cxx_unicode_literals
    Feature record: CXX_FEATURE:0cxx_uniform_initialization
    Feature record: CXX_FEATURE:0cxx_unrestricted_unions
    Feature record: CXX_FEATURE:0cxx_user_literals
    Feature record: CXX_FEATURE:0cxx_variable_templates
    Feature record: CXX_FEATURE:0cxx_variadic_macros
    Feature record: CXX_FEATURE:0cxx_variadic_templates
